================ TURN #1=================
Hill currently has 3 ants and 0food rations.
Hill has been attacked 0times.
Defended: 0  Defeated: 0
Ant #1 encountered a rival
================ TURN #2=================
Hill currently has 3 ants and 1food rations.
Hill has been attacked 1times.
Defended: 1  Defeated: 0
================ TURN #3=================
Hill currently has 4 ants and 0food rations.
Hill has been attacked 1times.
Defended: 1  Defeated: 0
Ant #1 encountered a rival
Ant #1 is dead.
================ TURN #1=================
Hill currently has 3 ants and 0food rations.
Hill has been attacked 0times.
Defended: 0  Defeated: 0
================ TURN #2=================
Hill currently has 3 ants and 2food rations.
Hill has been attacked 1times.
Defended: 1  Defeated: 0
================ TURN #3=================
Hill currently has 5 ants and 1food rations.
Hill has been attacked 1times.
Defended: 1  Defeated: 0
================ TURN #4=================
Hill currently has 6 ants and 3food rations.
Hill has been attacked 2times.
Defended: 2  Defeated: 0
================ TURN #5=================
Hill currently has 9 ants and 3food rations.
Hill has been attacked 2times.
Defended: 2  Defeated: 0
================ TURN #6=================
Hill currently has 12 ants and 5food rations.
Hill has been attacked 3times.
Defended: 3  Defeated: 0
Ant #0 encountered a rival
Ant #0 is dead.
Ant #1 encountered a rival
================ TURN #7=================
Hill currently has 16 ants and 4food rations.
Hill has been attacked 3times.
Defended: 3  Defeated: 0
Ant #1 encountered a rival
Ant #1 is dead.
================ TURN #8=================
Hill currently has 19 ants and 3food rations.
Hill has been attacked 4times.
Defended: 4  Defeated: 0
Ant #0 encountered a rival
================ TURN #9=================
Hill currently has 22 ants and 8food rations.
Hill has been attacked 5times.
Defended: 5  Defeated: 0
Ant #0 encountered a rival
Ant #0 encountered a rival
Ant #1 encountered a rival
Ant #1 encountered a rival
Ant #1 encountered a rival
Ant #0 encountered a rival
Ant #0 is dead.
Ant #0 encountered a rival
Ant #0 is dead.
================ TURN #10=================
Hill currently has 28 ants and 7food rations.
Hill has been attacked 5times.
Defended: 5  Defeated: 0
Ant #0 encountered a rival
Ant #0 is dead.
Ant #1 encountered a rival
Ant #1 is dead.
Ant #1 encountered a rival
================ TURN #11=================
Hill currently has 33 ants and 6food rations.
Hill has been attacked 6times.
Defended: 6  Defeated: 0
Ant #1 encountered a rival
Ant #0 encountered a rival
Ant #1 encountered a rival
================ TURN #12=================
Hill currently has 39 ants and 14food rations.
Hill has been attacked 6times.
Defended: 6  Defeated: 0
Ant #0 encountered a rival
Ant #0 is dead.
Ant #1 encountered a rival
Ant #0 encountered a rival
Ant #1 encountered a rival
Ant #1 encountered a rival
Ant #1 encountered a rival
Ant #1 is dead.
================ TURN #13=================
Hill currently has 51 ants and 13food rations.
Hill has been attacked 7times.
Defended: 7  Defeated: 0
Ant #1 encountered a rival
Ant #1 encountered a rival
Ant #1 is dead.
Ant #1 encountered a rival
Ant #1 is dead.
Ant #1 encountered a rival
Ant #1 is dead.
Ant #1 encountered a rival
Ant #1 encountered a rival
Ant #1 encountered a rival
Ant #0 encountered a rival
Ant #0 is dead.
Ant #0 encountered a rival
================ TURN #14=================
Hill currently has 60 ants and 19food rations.
Hill has been attacked 7times.
Defended: 7  Defeated: 0
Ant #1 encountered a rival
Ant #1 is dead.
Ant #1 encountered a rival
Ant #1 is dead.
Ant #1 encountered a rival
Ant #0 encountered a rival
Ant #0 is dead.
Ant #1 encountered a rival
Ant #0 encountered a rival
Ant #1 encountered a rival
Ant #1 encountered a rival
Ant #1 encountered a rival
Ant #1 is dead.
Ant #1 encountered a rival
Ant #1 is dead.
================ TURN #15=================
Hill currently has 74 ants and 27food rations.
Hill has been attacked 8times.
Defended: 8  Defeated: 0
Ant #1 encountered a rival
Ant #1 encountered a rival
Ant #1 encountered a rival
Ant #1 is dead.
Ant #0 encountered a rival
Ant #0 encountered a rival
Ant #1 encountered a rival
Ant #1 encountered a rival
Ant #1 is dead.
Ant #1 encountered a rival
Ant #0 encountered a rival
Ant #0 is dead.
Ant #0 encountered a rival
Ant #0 is dead.
Ant #1 encountered a rival
Ant #1 is dead.
================ TURN #16=================
Hill currently has 96 ants and 27food rations.
Hill has been attacked 8times.
Defended: 8  Defeated: 0
Ant #1 encountered a rival
Ant #1 is dead.
Ant #1 encountered a rival
Ant #1 encountered a rival
Ant #1 encountered a rival
Ant #1 encountered a rival
Ant #1 is dead.
Ant #1 encountered a rival
Ant #1 is dead.
Ant #1 encountered a rival
Ant #0 encountered a rival
Ant #1 encountered a rival
Ant #1 encountered a rival
Ant #1 encountered a rival
Ant #1 encountered a rival
Ant #1 encountered a rival
Ant #1 is dead.
Ant #1 encountered a rival
Ant #0 encountered a rival
Ant #0 is dead.
Ant #0 encountered a rival
Ant #0 is dead.
